<<<<<<< HEAD
=======
>>>>>>> fe3003d6c801a85b1e6205ee21fca5cf28c331b5
C:\USERS\LY\DESKTOP\LZB_CDYL\ACAISTRATEGYDEMO\DIST\STRATEGY.DLL
C:\Users\LY\Desktop\LZB_CDYL\ACAIStrategyDemo\dist\Strategy.exp
C:\Users\LY\Desktop\LZB_CDYL\ACAIStrategyDemo\dist\Strategy.lib
C:\USERS\LY\DESKTOP\LZB_CDYL\ACAISTRATEGYDEMO\DIST\STRATEGY.PDB
C:\Users\LY\Desktop\LZB_CDYL\ACAIStrategyDemo\Strategy\Debug\cl.command.1.tlog
C:\Users\LY\Desktop\LZB_CDYL\ACAIStrategyDemo\Strategy\Debug\CL.read.1.tlog
C:\Users\LY\Desktop\LZB_CDYL\ACAIStrategyDemo\Strategy\Debug\CL.write.1.tlog
C:\USERS\LY\DESKTOP\LZB_CDYL\ACAISTRATEGYDEMO\STRATEGY\DEBUG\FILE_WATCHER.OBJ
C:\Users\LY\Desktop\LZB_CDYL\ACAIStrategyDemo\Strategy\Debug\link.command.1.tlog
C:\Users\LY\Desktop\LZB_CDYL\ACAIStrategyDemo\Strategy\Debug\link.read.1.tlog
C:\Users\LY\Desktop\LZB_CDYL\ACAIStrategyDemo\Strategy\Debug\link.write.1.tlog
C:\Users\LY\Desktop\LZB_CDYL\ACAIStrategyDemo\Strategy\Debug\mt.command.1.tlog
C:\Users\LY\Desktop\LZB_CDYL\ACAIStrategyDemo\Strategy\Debug\mt.read.1.tlog
C:\Users\LY\Desktop\LZB_CDYL\ACAIStrategyDemo\Strategy\Debug\mt.write.1.tlog
C:\USERS\LY\DESKTOP\LZB_CDYL\ACAISTRATEGYDEMO\STRATEGY\DEBUG\MY_ACTION.OBJ
C:\USERS\LY\DESKTOP\LZB_CDYL\ACAISTRATEGYDEMO\STRATEGY\DEBUG\MY_STRATEGY.OBJ
C:\USERS\LY\DESKTOP\LZB_CDYL\ACAISTRATEGYDEMO\STRATEGY\DEBUG\MY_STRATEGY_CTRL.OBJ
C:\USERS\LY\DESKTOP\LZB_CDYL\ACAISTRATEGYDEMO\STRATEGY\DEBUG\MY_STRATEGY_IO.OBJ
C:\USERS\LY\DESKTOP\LZB_CDYL\ACAISTRATEGYDEMO\STRATEGY\DEBUG\OPEN.OBJ
C:\USERS\LY\DESKTOP\LZB_CDYL\ACAISTRATEGYDEMO\STRATEGY\DEBUG\READFILE.OBJ
C:\USERS\LY\DESKTOP\LZB_CDYL\ACAISTRATEGYDEMO\STRATEGY\DEBUG\STRATEGY.DLL.INTERMEDIATE.MANIFEST
C:\Users\LY\Desktop\LZB_CDYL\ACAIStrategyDemo\Strategy\Debug\Strategy.vcxprojResolveAssemblyReference.cache
C:\Users\LY\Desktop\LZB_CDYL\ACAIStrategyDemo\Strategy\Debug\Strategy.write.1.tlog
C:\USERS\LY\DESKTOP\LZB_CDYL\ACAISTRATEGYDEMO\STRATEGY\DEBUG\STRATEGY_INTERFACE.OBJ
C:\Users\LY\Desktop\LZB_CDYL\ACAIStrategyDemo\Strategy\Debug\vc100.idb
C:\USERS\LY\DESKTOP\LZB_CDYL\ACAISTRATEGYDEMO\STRATEGY\DEBUG\VC100.PDB
C:\Users\LY\Desktop\LZB_CDYL\ACAIStrategyDemo\Strategy\Debug\vc142.pdb
E:\PROJECT\LZB_611\CODE\ACAISTRATEGYDEMO\DIST\STRATEGY.DLL
E:\Project\LZB_611\code\ACAIStrategyDemo\dist\Strategy.exp
E:\Project\LZB_611\code\ACAIStrategyDemo\dist\Strategy.lib
E:\PROJECT\LZB_611\CODE\ACAISTRATEGYDEMO\DIST\STRATEGY.PDB
E:\PROJECT\LZB_611\CODE\ACAISTRATEGYDEMO\STRATEGY\DEBUG\MY_STRATEGY.OBJ
E:\PROJECT\LZB_611\CODE\ACAISTRATEGYDEMO\STRATEGY\DEBUG\MY_STRATEGY_CTRL.OBJ
E:\PROJECT\LZB_611\CODE\ACAISTRATEGYDEMO\STRATEGY\DEBUG\MY_STRATEGY_IO.OBJ
E:\PROJECT\LZB_611\CODE\ACAISTRATEGYDEMO\STRATEGY\DEBUG\STRATEGY.DLL.INTERMEDIATE.MANIFEST
E:\PROJECT\LZB_611\CODE\ACAISTRATEGYDEMO\STRATEGY\DEBUG\STRATEGY_INTERFACE.OBJ
E:\PROJECT\LZB_611\CODE\ACAISTRATEGYDEMO\STRATEGY\DEBUG\VC100.PDB
E:\PROJECT\LZB_611\LZB_CDYL\ACAISTRATEGYDEMO\DIST\STRATEGY.DLL
E:\Project\LZB_611\LZB_CDYL\ACAIStrategyDemo\dist\Strategy.exp
E:\Project\LZB_611\LZB_CDYL\ACAIStrategyDemo\dist\Strategy.lib
E:\PROJECT\LZB_611\LZB_CDYL\ACAISTRATEGYDEMO\DIST\STRATEGY.PDB
E:\PROJECT\LZB_611\LZB_CDYL\ACAISTRATEGYDEMO\STRATEGY\DEBUG\FILE_WATCHER.OBJ
E:\PROJECT\LZB_611\LZB_CDYL\ACAISTRATEGYDEMO\STRATEGY\DEBUG\MY_ACTION.OBJ
E:\PROJECT\LZB_611\LZB_CDYL\ACAISTRATEGYDEMO\STRATEGY\DEBUG\MY_STRATEGY.OBJ
E:\PROJECT\LZB_611\LZB_CDYL\ACAISTRATEGYDEMO\STRATEGY\DEBUG\MY_STRATEGY_CTRL.OBJ
E:\PROJECT\LZB_611\LZB_CDYL\ACAISTRATEGYDEMO\STRATEGY\DEBUG\MY_STRATEGY_IO.OBJ
E:\PROJECT\LZB_611\LZB_CDYL\ACAISTRATEGYDEMO\STRATEGY\DEBUG\STRATEGY.DLL.INTERMEDIATE.MANIFEST
E:\PROJECT\LZB_611\LZB_CDYL\ACAISTRATEGYDEMO\STRATEGY\DEBUG\STRATEGY_INTERFACE.OBJ
E:\PROJECT\LZB_611\LZB_CDYL\ACAISTRATEGYDEMO\STRATEGY\DEBUG\VC100.PDB
E:\PROJECT\LZB_611\资料\“龙智杯”超视距空战智能AI大赛仿真平台V2.00_20220723\☆公开☆龙智杯-超视距AI空战策略示例模板\ACAISTRATEGYDEMO\DIST\STRATEGY.DLL
E:\Project\LZB_611\资料\“龙智杯”超视距空战智能AI大赛仿真平台V2.00_20220723\☆公开☆龙智杯-超视距AI空战策略示例模板\ACAIStrategyDemo\dist\Strategy.exp
E:\Project\LZB_611\资料\“龙智杯”超视距空战智能AI大赛仿真平台V2.00_20220723\☆公开☆龙智杯-超视距AI空战策略示例模板\ACAIStrategyDemo\dist\Strategy.lib
E:\PROJECT\LZB_611\资料\“龙智杯”超视距空战智能AI大赛仿真平台V2.00_20220723\☆公开☆龙智杯-超视距AI空战策略示例模板\ACAISTRATEGYDEMO\DIST\STRATEGY.PDB
E:\PROJECT\LZB_611\资料\“龙智杯”超视距空战智能AI大赛仿真平台V2.00_20220723\☆公开☆龙智杯-超视距AI空战策略示例模板\ACAISTRATEGYDEMO\STRATEGY\DEBUG\MY_STRATEGY.OBJ
E:\PROJECT\LZB_611\资料\“龙智杯”超视距空战智能AI大赛仿真平台V2.00_20220723\☆公开☆龙智杯-超视距AI空战策略示例模板\ACAISTRATEGYDEMO\STRATEGY\DEBUG\MY_STRATEGY_CTRL.OBJ
E:\PROJECT\LZB_611\资料\“龙智杯”超视距空战智能AI大赛仿真平台V2.00_20220723\☆公开☆龙智杯-超视距AI空战策略示例模板\ACAISTRATEGYDEMO\STRATEGY\DEBUG\MY_STRATEGY_IO.OBJ
E:\PROJECT\LZB_611\资料\“龙智杯”超视距空战智能AI大赛仿真平台V2.00_20220723\☆公开☆龙智杯-超视距AI空战策略示例模板\ACAISTRATEGYDEMO\STRATEGY\DEBUG\STRATEGY.DLL.INTERMEDIATE.MANIFEST
E:\PROJECT\LZB_611\资料\“龙智杯”超视距空战智能AI大赛仿真平台V2.00_20220723\☆公开☆龙智杯-超视距AI空战策略示例模板\ACAISTRATEGYDEMO\STRATEGY\DEBUG\STRATEGY_INTERFACE.OBJ
E:\PROJECT\LZB_611\资料\“龙智杯”超视距空战智能AI大赛仿真平台V2.00_20220723\☆公开☆龙智杯-超视距AI空战策略示例模板\ACAISTRATEGYDEMO\STRATEGY\DEBUG\VC100.PDB
F:\MYDOCUMENT\分布式仿真平台\DOCUMENT\平台应用场景\2022年AI比赛\4.平台源码\☆公开☆DSSSTRATEGYDLL\ACAISTRATEGYDEMO\DIST\STRATEGY.DLL
F:\MyDocument\分布式仿真平台\Document\平台应用场景\2022年AI比赛\4.平台源码\☆公开☆DssStrategyDLL\ACAIStrategyDemo\dist\Strategy.exp
F:\MyDocument\分布式仿真平台\Document\平台应用场景\2022年AI比赛\4.平台源码\☆公开☆DssStrategyDLL\ACAIStrategyDemo\dist\Strategy.lib
F:\MYDOCUMENT\分布式仿真平台\DOCUMENT\平台应用场景\2022年AI比赛\4.平台源码\☆公开☆DSSSTRATEGYDLL\ACAISTRATEGYDEMO\DIST\STRATEGY.PDB
F:\MYDOCUMENT\分布式仿真平台\DOCUMENT\平台应用场景\2022年AI比赛\4.平台源码\☆公开☆DSSSTRATEGYDLL\ACAISTRATEGYDEMO\STRATEGY\DEBUG\MY_STRATEGY.OBJ
F:\MYDOCUMENT\分布式仿真平台\DOCUMENT\平台应用场景\2022年AI比赛\4.平台源码\☆公开☆DSSSTRATEGYDLL\ACAISTRATEGYDEMO\STRATEGY\DEBUG\MY_STRATEGY_CTRL.OBJ
F:\MYDOCUMENT\分布式仿真平台\DOCUMENT\平台应用场景\2022年AI比赛\4.平台源码\☆公开☆DSSSTRATEGYDLL\ACAISTRATEGYDEMO\STRATEGY\DEBUG\MY_STRATEGY_IO.OBJ
F:\MYDOCUMENT\分布式仿真平台\DOCUMENT\平台应用场景\2022年AI比赛\4.平台源码\☆公开☆DSSSTRATEGYDLL\ACAISTRATEGYDEMO\STRATEGY\DEBUG\STRATEGY.DLL.INTERMEDIATE.MANIFEST
F:\MYDOCUMENT\分布式仿真平台\DOCUMENT\平台应用场景\2022年AI比赛\4.平台源码\☆公开☆DSSSTRATEGYDLL\ACAISTRATEGYDEMO\STRATEGY\DEBUG\STRATEGY_INTERFACE.OBJ
F:\MYDOCUMENT\分布式仿真平台\DOCUMENT\平台应用场景\2022年AI比赛\4.平台源码\☆公开☆DSSSTRATEGYDLL\ACAISTRATEGYDEMO\STRATEGY\DEBUG\VC100.PDB
F:\MYDOCUMENT\分布式仿真平台\DOCUMENT\平台应用场景\2022年AI比赛\4.平台源码\☆公开☆龙智杯-超视距AI空战策略示例模板\ACAISTRATEGYDEMO\DIST\STRATEGY.DLL
F:\MyDocument\分布式仿真平台\Document\平台应用场景\2022年AI比赛\4.平台源码\☆公开☆龙智杯-超视距AI空战策略示例模板\ACAIStrategyDemo\dist\Strategy.exp
F:\MyDocument\分布式仿真平台\Document\平台应用场景\2022年AI比赛\4.平台源码\☆公开☆龙智杯-超视距AI空战策略示例模板\ACAIStrategyDemo\dist\Strategy.lib
F:\MYDOCUMENT\分布式仿真平台\DOCUMENT\平台应用场景\2022年AI比赛\4.平台源码\☆公开☆龙智杯-超视距AI空战策略示例模板\ACAISTRATEGYDEMO\DIST\STRATEGY.PDB
F:\MYDOCUMENT\分布式仿真平台\DOCUMENT\平台应用场景\2022年AI比赛\4.平台源码\☆公开☆龙智杯-超视距AI空战策略示例模板\ACAISTRATEGYDEMO\STRATEGY\DEBUG\MY_STRATEGY.OBJ
F:\MYDOCUMENT\分布式仿真平台\DOCUMENT\平台应用场景\2022年AI比赛\4.平台源码\☆公开☆龙智杯-超视距AI空战策略示例模板\ACAISTRATEGYDEMO\STRATEGY\DEBUG\MY_STRATEGY_CTRL.OBJ
F:\MYDOCUMENT\分布式仿真平台\DOCUMENT\平台应用场景\2022年AI比赛\4.平台源码\☆公开☆龙智杯-超视距AI空战策略示例模板\ACAISTRATEGYDEMO\STRATEGY\DEBUG\MY_STRATEGY_IO.OBJ
F:\MYDOCUMENT\分布式仿真平台\DOCUMENT\平台应用场景\2022年AI比赛\4.平台源码\☆公开☆龙智杯-超视距AI空战策略示例模板\ACAISTRATEGYDEMO\STRATEGY\DEBUG\STRATEGY.DLL.INTERMEDIATE.MANIFEST
F:\MYDOCUMENT\分布式仿真平台\DOCUMENT\平台应用场景\2022年AI比赛\4.平台源码\☆公开☆龙智杯-超视距AI空战策略示例模板\ACAISTRATEGYDEMO\STRATEGY\DEBUG\STRATEGY_INTERFACE.OBJ
F:\MYDOCUMENT\分布式仿真平台\DOCUMENT\平台应用场景\2022年AI比赛\4.平台源码\☆公开☆龙智杯-超视距AI空战策略示例模板\ACAISTRATEGYDEMO\STRATEGY\DEBUG\VC100.PDB
