生成启动时间为 2022/8/21 15:10:05。
     1>项目“C:\Users\LY\Desktop\LZB_CDYL\ACAIStrategyDemo\Strategy\Strategy.vcxproj”在节点 2 上(build 个目标)。
     1>C:\Program Files (x86)\MSBuild\Microsoft.Cpp\v4.0\Microsoft.CppBuild.targets(298,5): warning MSB8004: Intermediate 目录未以斜杠结尾。此生成实例将添加斜杠，因为必须有这个斜杠才能正确计算 Intermediate 目录。
     1>InitializeBuildStatus:
         正在对“Debug\Strategy.unsuccessfulbuild”执行 Touch 任务。
       ClCompile:
         C:\Program Files (x86)\Microsoft Visual Studio 10.0\VC\bin\CL.exe /c /I../../interface /I../src /I../src/include /Zi /nologo /W3 /WX- /Od /Oy- /D WIN32 /D _DEBUG /D _WINDOWS /D _USRDLL /D STRATEGY_LIBRARY /D _WINDLL /D _UNICODE /D UNICODE /Gm /EHsc /RTC1 /MDd /GS /fp:precise /Zc:wchar_t /Zc:forScope /Fo"Debug\\" /Fd"Debug\vc100.pdb" /Gd /TP /analyze- /errorReport:prompt ..\src\my_strategy_ctrl.cpp
         my_strategy_ctrl.cpp
     1>..\src\my_strategy_ctrl.cpp(161): warning C4996: 'strcpy': This function or variable may be unsafe. Consider using strcpy_s instead. To disable deprecation, use _CRT_SECURE_NO_WARNINGS. See online help for details.
                 C:\Program Files (x86)\Microsoft Visual Studio 10.0\VC\include\string.h(105) : 参见“strcpy”的声明
     1>..\src\my_strategy_ctrl.cpp(172): warning C4996: 'strcpy': This function or variable may be unsafe. Consider using strcpy_s instead. To disable deprecation, use _CRT_SECURE_NO_WARNINGS. See online help for details.
                 C:\Program Files (x86)\Microsoft Visual Studio 10.0\VC\include\string.h(105) : 参见“strcpy”的声明
     1>..\src\my_strategy_ctrl.cpp(181): warning C4996: 'strcpy': This function or variable may be unsafe. Consider using strcpy_s instead. To disable deprecation, use _CRT_SECURE_NO_WARNINGS. See online help for details.
                 C:\Program Files (x86)\Microsoft Visual Studio 10.0\VC\include\string.h(105) : 参见“strcpy”的声明
     1>..\src\my_strategy_ctrl.cpp(187): warning C4996: 'strcpy': This function or variable may be unsafe. Consider using strcpy_s instead. To disable deprecation, use _CRT_SECURE_NO_WARNINGS. See online help for details.
                 C:\Program Files (x86)\Microsoft Visual Studio 10.0\VC\include\string.h(105) : 参见“strcpy”的声明
     1>..\src\my_strategy_ctrl.cpp(192): warning C4996: 'strcpy': This function or variable may be unsafe. Consider using strcpy_s instead. To disable deprecation, use _CRT_SECURE_NO_WARNINGS. See online help for details.
                 C:\Program Files (x86)\Microsoft Visual Studio 10.0\VC\include\string.h(105) : 参见“strcpy”的声明
     1>..\src\my_strategy_ctrl.cpp(199): warning C4996: 'strcpy': This function or variable may be unsafe. Consider using strcpy_s instead. To disable deprecation, use _CRT_SECURE_NO_WARNINGS. See online help for details.
                 C:\Program Files (x86)\Microsoft Visual Studio 10.0\VC\include\string.h(105) : 参见“strcpy”的声明
     1>..\src\my_strategy_ctrl.cpp(204): warning C4996: 'strcpy': This function or variable may be unsafe. Consider using strcpy_s instead. To disable deprecation, use _CRT_SECURE_NO_WARNINGS. See online help for details.
                 C:\Program Files (x86)\Microsoft Visual Studio 10.0\VC\include\string.h(105) : 参见“strcpy”的声明
     1>..\src\my_strategy_ctrl.cpp(217): warning C4996: 'fopen': This function or variable may be unsafe. Consider using fopen_s instead. To disable deprecation, use _CRT_SECURE_NO_WARNINGS. See online help for details.
                 C:\Program Files (x86)\Microsoft Visual Studio 10.0\VC\include\stdio.h(234) : 参见“fopen”的声明
     1>..\src\my_strategy_ctrl.cpp(219): warning C4996: 'fscanf': This function or variable may be unsafe. Consider using fscanf_s instead. To disable deprecation, use _CRT_SECURE_NO_WARNINGS. See online help for details.
                 C:\Program Files (x86)\Microsoft Visual Studio 10.0\VC\include\stdio.h(253) : 参见“fscanf”的声明
     1>..\src\my_strategy_ctrl.cpp(274): warning C4996: 'fopen': This function or variable may be unsafe. Consider using fopen_s instead. To disable deprecation, use _CRT_SECURE_NO_WARNINGS. See online help for details.
                 C:\Program Files (x86)\Microsoft Visual Studio 10.0\VC\include\stdio.h(234) : 参见“fopen”的声明
     1>..\src\my_strategy_ctrl.cpp(277): warning C4996: 'fopen': This function or variable may be unsafe. Consider using fopen_s instead. To disable deprecation, use _CRT_SECURE_NO_WARNINGS. See online help for details.
                 C:\Program Files (x86)\Microsoft Visual Studio 10.0\VC\include\stdio.h(234) : 参见“fopen”的声明
     1>..\src\my_strategy_ctrl.cpp(280): warning C4996: 'fopen': This function or variable may be unsafe. Consider using fopen_s instead. To disable deprecation, use _CRT_SECURE_NO_WARNINGS. See online help for details.
                 C:\Program Files (x86)\Microsoft Visual Studio 10.0\VC\include\stdio.h(234) : 参见“fopen”的声明
     1>..\src\my_strategy_ctrl.cpp(688): error C3861: “Rule”: 找不到标识符
     1>..\src\my_strategy_ctrl.cpp(692): error C3861: “Rule”: 找不到标识符
     1>..\src\my_strategy_ctrl.cpp(696): error C3861: “Rule”: 找不到标识符
     1>..\src\my_strategy_ctrl.cpp(700): error C3861: “Rule”: 找不到标识符
     1>..\src\my_strategy_ctrl.cpp(704): error C3861: “Rule”: 找不到标识符
     1>..\src\my_strategy_ctrl.cpp(708): error C3861: “Rule”: 找不到标识符
     1>..\src\my_strategy_ctrl.cpp(712): error C3861: “Rule”: 找不到标识符
     1>..\src\my_strategy_ctrl.cpp(716): error C3861: “Rule”: 找不到标识符
     1>..\src\my_strategy_ctrl.cpp(725): error C2039: “DoTrack”: 不是“MyStrategy”的成员
                 c:\users\ly\desktop\lzb_cdyl\acaistrategydemo\src\my_strategy.h(21) : 参见“MyStrategy”的声明
     1>..\src\my_strategy_ctrl.cpp(726): error C2248: “MyStrategy::DoTacToTar”: 无法访问 private 成员(在“MyStrategy”类中声明)
                 c:\users\ly\desktop\lzb_cdyl\acaistrategydemo\src\my_strategy.h(173) : 参见“MyStrategy::DoTacToTar”的声明
                 c:\users\ly\desktop\lzb_cdyl\acaistrategydemo\src\my_strategy.h(21) : 参见“MyStrategy”的声明
     1>..\src\my_strategy_ctrl.cpp(726): error C2352: “MyStrategy::DoTacToTar”: 非静态成员函数的非法调用
                 c:\users\ly\desktop\lzb_cdyl\acaistrategydemo\src\my_strategy.h(173) : 参见“MyStrategy::DoTacToTar”的声明
     1>..\src\my_strategy_ctrl.cpp(730): error C2084: 函数“void MyStrategy::SwitchGuideFlight(void)”已有主体
                 c:\users\ly\desktop\lzb_cdyl\acaistrategydemo\src\my_strategy.h(214) : 参见“SwitchGuideFlight”的前一个定义
     1>..\src\my_strategy_ctrl.cpp(816): warning C4018: “<”: 有符号/无符号不匹配
     1>..\src\my_strategy_ctrl.cpp(822): warning C4018: “>”: 有符号/无符号不匹配
     1>..\src\my_strategy_ctrl.cpp(828): warning C4018: “<”: 有符号/无符号不匹配
     1>..\src\my_strategy_ctrl.cpp(834): warning C4018: “>”: 有符号/无符号不匹配
     1>..\src\my_strategy_ctrl.cpp(840): warning C4018: “<”: 有符号/无符号不匹配
     1>..\src\my_strategy_ctrl.cpp(846): warning C4018: “<”: 有符号/无符号不匹配
     1>..\src\my_strategy_ctrl.cpp(862): error C2440: “=”: 无法从“void”转换为“int”
                 void 类型的表达式不能转换为其他类型
     1>已完成生成项目“C:\Users\LY\Desktop\LZB_CDYL\ACAIStrategyDemo\Strategy\Strategy.vcxproj”(build 个目标)的操作 - 失败。

生成失败。

已用时间 00:00:00.53
