生成启动时间为 2022/8/25 19:38:06。
     1>项目“E:\Project\LZB_611\LZB_CDYL\ACAIStrategyDemo\Strategy\Strategy.vcxproj”在节点 2 上(build 个目标)。
     1>InitializeBuildStatus:
         正在对“Release\Strategy.unsuccessfulbuild”执行 Touch 任务。
       ClCompile:
         E:\Software\VC\bin\CL.exe /c /I../../interface /I../src /I../src/include /Zi /nologo /W3 /WX- /Od /Oy- /D WIN32 /D NDEBUG /D _WINDOWS /D _USRDLL /D STRATEGY_EXPORTS /D _WINDLL /D _UNICODE /D UNICODE /Gm /EHsc /RTC1 /MD /GS /fp:precise /Zc:wchar_t /Zc:forScope /Fo"Release\\" /Fd"Release\vc100.pdb" /Gd /TP /analyze- /errorReport:prompt ..\src\my_strategy_ctrl.cpp
         my_strategy_ctrl.cpp
     1>..\src\my_strategy_ctrl.cpp(36): warning C4996: 'fopen': This function or variable may be unsafe. Consider using fopen_s instead. To disable deprecation, use _CRT_SECURE_NO_WARNINGS. See online help for details.
                 E:\Software\VC\include\stdio.h(234) : 参见“fopen”的声明
     1>..\src\my_strategy_ctrl.cpp(46): warning C4996: 'fopen': This function or variable may be unsafe. Consider using fopen_s instead. To disable deprecation, use _CRT_SECURE_NO_WARNINGS. See online help for details.
                 E:\Software\VC\include\stdio.h(234) : 参见“fopen”的声明
     1>..\src\my_strategy_ctrl.cpp(65): warning C4996: 'fopen': This function or variable may be unsafe. Consider using fopen_s instead. To disable deprecation, use _CRT_SECURE_NO_WARNINGS. See online help for details.
                 E:\Software\VC\include\stdio.h(234) : 参见“fopen”的声明
     1>..\src\my_strategy_ctrl.cpp(71): warning C4996: 'fopen': This function or variable may be unsafe. Consider using fopen_s instead. To disable deprecation, use _CRT_SECURE_NO_WARNINGS. See online help for details.
                 E:\Software\VC\include\stdio.h(234) : 参见“fopen”的声明
     1>..\src\my_strategy_ctrl.cpp(74): warning C4996: 'fopen': This function or variable may be unsafe. Consider using fopen_s instead. To disable deprecation, use _CRT_SECURE_NO_WARNINGS. See online help for details.
                 E:\Software\VC\include\stdio.h(234) : 参见“fopen”的声明
     1>..\src\my_strategy_ctrl.cpp(77): warning C4996: 'fopen': This function or variable may be unsafe. Consider using fopen_s instead. To disable deprecation, use _CRT_SECURE_NO_WARNINGS. See online help for details.
                 E:\Software\VC\include\stdio.h(234) : 参见“fopen”的声明
     1>..\src\my_strategy_ctrl.cpp(82): warning C4996: 'fopen': This function or variable may be unsafe. Consider using fopen_s instead. To disable deprecation, use _CRT_SECURE_NO_WARNINGS. See online help for details.
                 E:\Software\VC\include\stdio.h(234) : 参见“fopen”的声明
     1>..\src\my_strategy_ctrl.cpp(85): warning C4996: 'fopen': This function or variable may be unsafe. Consider using fopen_s instead. To disable deprecation, use _CRT_SECURE_NO_WARNINGS. See online help for details.
                 E:\Software\VC\include\stdio.h(234) : 参见“fopen”的声明
     1>..\src\my_strategy_ctrl.cpp(88): warning C4996: 'fopen': This function or variable may be unsafe. Consider using fopen_s instead. To disable deprecation, use _CRT_SECURE_NO_WARNINGS. See online help for details.
                 E:\Software\VC\include\stdio.h(234) : 参见“fopen”的声明
     1>..\src\my_strategy_ctrl.cpp(96): warning C4996: 'fopen': This function or variable may be unsafe. Consider using fopen_s instead. To disable deprecation, use _CRT_SECURE_NO_WARNINGS. See online help for details.
                 E:\Software\VC\include\stdio.h(234) : 参见“fopen”的声明
     1>..\src\my_strategy_ctrl.cpp(253): warning C4996: 'fopen': This function or variable may be unsafe. Consider using fopen_s instead. To disable deprecation, use _CRT_SECURE_NO_WARNINGS. See online help for details.
                 E:\Software\VC\include\stdio.h(234) : 参见“fopen”的声明
     1>..\src\my_strategy_ctrl.cpp(257): warning C4996: 'fscanf': This function or variable may be unsafe. Consider using fscanf_s instead. To disable deprecation, use _CRT_SECURE_NO_WARNINGS. See online help for details.
                 E:\Software\VC\include\stdio.h(253) : 参见“fscanf”的声明
     1>..\src\my_strategy_ctrl.cpp(332): warning C4018: “<”: 有符号/无符号不匹配
     1>..\src\my_strategy_ctrl.cpp(335): warning C4996: 'fopen': This function or variable may be unsafe. Consider using fopen_s instead. To disable deprecation, use _CRT_SECURE_NO_WARNINGS. See online help for details.
                 E:\Software\VC\include\stdio.h(234) : 参见“fopen”的声明
     1>..\src\my_strategy_ctrl.cpp(401): warning C4018: “<”: 有符号/无符号不匹配
     1>..\src\my_strategy_ctrl.cpp(407): warning C4018: “>”: 有符号/无符号不匹配
     1>..\src\my_strategy_ctrl.cpp(413): warning C4018: “<”: 有符号/无符号不匹配
     1>..\src\my_strategy_ctrl.cpp(419): warning C4018: “>”: 有符号/无符号不匹配
     1>..\src\my_strategy_ctrl.cpp(425): warning C4018: “<”: 有符号/无符号不匹配
     1>..\src\my_strategy_ctrl.cpp(431): warning C4018: “<”: 有符号/无符号不匹配
     1>..\src\my_strategy_ctrl.cpp(442): warning C4996: 'fopen': This function or variable may be unsafe. Consider using fopen_s instead. To disable deprecation, use _CRT_SECURE_NO_WARNINGS. See online help for details.
                 E:\Software\VC\include\stdio.h(234) : 参见“fopen”的声明
     1>..\src\my_strategy_ctrl.cpp(443): warning C4996: 'fopen': This function or variable may be unsafe. Consider using fopen_s instead. To disable deprecation, use _CRT_SECURE_NO_WARNINGS. See online help for details.
                 E:\Software\VC\include\stdio.h(234) : 参见“fopen”的声明
     1>..\src\my_strategy_ctrl.cpp(452): warning C4018: “<”: 有符号/无符号不匹配
     1>..\src\my_strategy_ctrl.cpp(454): warning C4018: “<”: 有符号/无符号不匹配
       Link:
         E:\Software\VC\bin\link.exe /ERRORREPORT:PROMPT /OUT:"E:\Project\LZB_611\LZB_CDYL\ACAIStrategyDemo\Release\Strategy.dll" /INCREMENTAL:NO /NOLOGO kernel32.lib user32.lib gdi32.lib winspool.lib comdlg32.lib advapi32.lib shell32.lib ole32.lib oleaut32.lib uuid.lib odbc32.lib odbccp32.lib /MANIFEST /ManifestFile:"Release\Strategy.dll.intermediate.manifest" /MANIFESTUAC:"level='asInvoker' uiAccess='false'" /DEBUG /PDB:"E:\Project\LZB_611\LZB_CDYL\ACAIStrategyDemo\Release\Strategy.pdb" /SUBSYSTEM:WINDOWS /OPT:REF /OPT:ICF /TLBID:1 /DYNAMICBASE /NXCOMPAT /IMPLIB:"E:\Project\LZB_611\LZB_CDYL\ACAIStrategyDemo\Release\Strategy.lib" /MACHINE:X86 /DLL Release\strategy_interface.obj
         Release\file_watcher.obj
         Release\my_strategy.obj
         Release\my_strategy_ctrl.obj
         Release\my_strategy_io.obj
         Release\my_action.obj
            正在创建库 E:\Project\LZB_611\LZB_CDYL\ACAIStrategyDemo\Release\Strategy.lib 和对象 E:\Project\LZB_611\LZB_CDYL\ACAIStrategyDemo\Release\Strategy.exp
     1>my_strategy_ctrl.obj : warning LNK4217: 本地定义的符号 ?sendFlyControlCmd@CStrategy@@IBEXABUFlyControlCmd@ACAI@@@Z (protected: void __thiscall CStrategy::sendFlyControlCmd(struct ACAI::FlyControlCmd const &)const ) 在函数 "public: virtual void __thiscall MyStrategy::timeSlice40(void)" (?timeSlice40@MyStrategy@@UAEXXZ) 中导入
     1>my_action.obj : warning LNK4217: 本地定义的符号 ?sendFlyControlCmd@CStrategy@@IBEXABUFlyControlCmd@ACAI@@@Z (protected: void __thiscall CStrategy::sendFlyControlCmd(struct ACAI::FlyControlCmd const &)const ) 在函数 "private: void __thiscall MyStrategy::DoTacNoseDiveM30(void)" (?DoTacNoseDiveM30@MyStrategy@@AAEXXZ) 中导入
     1>my_action.obj : warning LNK4217: 本地定义的符号 ?sendWpnControlCmd@CStrategy@@IBEXABUWpnControlCmd@ACAI@@@Z (protected: void __thiscall CStrategy::sendWpnControlCmd(struct ACAI::WpnControlCmd const &)const ) 在函数 "private: void __thiscall MyStrategy::DoTacWpnShoot(int)" (?DoTacWpnShoot@MyStrategy@@AAEXH@Z) 中导入
     1>my_strategy.obj : error LNK2019: 无法解析的外部符号 "__declspec(dllimport) public: virtual __thiscall CStrategy::~CStrategy(void)" (__imp_??1CStrategy@@UAE@XZ)，该符号在函数 __unwindfunclet$??0MyStrategy@@QAE@XZ$0 中被引用
     1>my_strategy.obj : error LNK2019: 无法解析的外部符号 "__declspec(dllimport) public: __thiscall CStrategy::CStrategy(void)" (__imp_??0CStrategy@@QAE@XZ)，该符号在函数 "public: __thiscall MyStrategy::MyStrategy(void)" (??0MyStrategy@@QAE@XZ) 中被引用
     1>E:\Project\LZB_611\LZB_CDYL\ACAIStrategyDemo\Release\Strategy.dll : fatal error LNK1120: 2 个无法解析的外部命令
     1>已完成生成项目“E:\Project\LZB_611\LZB_CDYL\ACAIStrategyDemo\Strategy\Strategy.vcxproj”(build 个目标)的操作 - 失败。

生成失败。

已用时间 00:00:00.97
